d:\21cu0312_河合奏\バルーンファイト2最新版\gameprogramming2\x64\debug\vc142.pdb
d:\21cu0312_河合奏\バルーンファイト2最新版\gameprogramming2\x64\debug\vc142.idb
d:\21cu0312_河合奏\バルーンファイト2最新版\gameprogramming2\x64\debug\gametitle.obj
d:\21cu0312_河合奏\バルーンファイト2最新版\gameprogramming2\x64\debug\gameplay.obj
d:\21cu0312_河合奏\バルーンファイト2最新版\gameprogramming2\x64\debug\gameover.obj
d:\21cu0312_河合奏\バルーンファイト2最新版\gameprogramming2\x64\debug\gameclear.obj
d:\21cu0312_河合奏\バルーンファイト2最新版\gameprogramming2\x64\debug\fish.obj
d:\21cu0312_河合奏\バルーンファイト2最新版\gameprogramming2\x64\debug\enemy.obj
d:\21cu0312_河合奏\バルーンファイト2最新版\gameprogramming2\x64\debug\collision.obj
d:\21cu0312_河合奏\バルーンファイト2最新版\gameprogramming2\x64\debug\animation.obj
d:\21cu0312_河合奏\バルーンファイト2最新版\gameprogramming2\x64\debug\cactiongameapp.obj
d:\21cu0312_河合奏\バルーンファイト2最新版\gameprogramming2\x64\debug\actiongame.obj
d:\21cu0312_河合奏\バルーンファイト2最新版\gameprogramming2\x64\debug\gamepgutil.obj
d:\21cu0312_河合奏\バルーンファイト2最新版\gameprogramming2\x64\debug\wictextureloader.obj
d:\21cu0312_河合奏\バルーンファイト2最新版\gameprogramming2\x64\debug\ctexture.obj
d:\21cu0312_河合奏\バルーンファイト2最新版\gameprogramming2\x64\debug\csound.obj
d:\21cu0312_河合奏\バルーンファイト2最新版\gameprogramming2\x64\debug\cquadpolygon.obj
d:\21cu0312_河合奏\バルーンファイト2最新版\gameprogramming2\x64\debug\cpicture.obj
d:\21cu0312_河合奏\バルーンファイト2最新版\gameprogramming2\x64\debug\cfont.obj
d:\21cu0312_河合奏\バルーンファイト2最新版\gameprogramming2\x64\debug\cdirectinput.obj
d:\21cu0312_河合奏\バルーンファイト2最新版\gameprogramming2\x64\debug\ccamera.obj
d:\21cu0312_河合奏\バルーンファイト2最新版\gameprogramming2\x64\debug\capplication.obj
d:\21cu0312_河合奏\バルーンファイト2最新版\gameprogramming2\x64\debug\stdafx.obj
d:\21cu0312_河合奏\バルーンファイト2最新版\gameprogramming2\x64\debug\ui.obj
d:\21cu0312_河合奏\バルーンファイト2最新版\gameprogramming2\x64\debug\thunder .obj
d:\21cu0312_河合奏\バルーンファイト2最新版\gameprogramming2\x64\debug\sprite.obj
d:\21cu0312_河合奏\バルーンファイト2最新版\gameprogramming2\x64\debug\soundplay.obj
d:\21cu0312_河合奏\バルーンファイト2最新版\gameprogramming2\x64\debug\player.obj
d:\21cu0312_河合奏\バルーンファイト2最新版\gameprogramming2\x64\debug\objset.obj
d:\21cu0312_河合奏\バルーンファイト2最新版\gameprogramming2\x64\debug\load.obj
d:\21cu0312_河合奏\バルーンファイト2最新版\x64\debug\gameprogramming2.exe
d:\21cu0312_河合奏\バルーンファイト2最新版\x64\debug\gameprogramming2.ilk
d:\21cu0312_河合奏\バルーンファイト2最新版\x64\debug\gameprogramming2.pdb
d:\21cu0312_河合奏\バルーンファイト2最新版\gameprogramming2\x64\debug\gameprogramming2.res
d:\21cu0312_河合奏\バルーンファイト2最新版\gameprogramming2\x64\debug\thunder.obj
d:\21cu0312_河合奏\バルーンファイト2最新版\gameprogramming2\x64\debug\enemy.obj.enc
d:\21cu0312_河合奏\バルーンファイト2最新版\gameprogramming2\x64\debug\objset.obj.enc
d:\21cu0312_河合奏\バルーンファイト2最新版\gameprogramming2\x64\debug\player.obj.enc
d:\21cu0312_河合奏\バルーンファイト2最新版\gameprogramming2\x64\debug\gameprogramming2.ilk
d:\21cu0312_河合奏\バルーンファイト2最新版\gameprogramming2\x64\debug\gameprogramming2.tlog\cl.command.1.tlog
d:\21cu0312_河合奏\バルーンファイト2最新版\gameprogramming2\x64\debug\gameprogramming2.tlog\cl.read.1.tlog
d:\21cu0312_河合奏\バルーンファイト2最新版\gameprogramming2\x64\debug\gameprogramming2.tlog\cl.write.1.tlog
d:\21cu0312_河合奏\バルーンファイト2最新版\gameprogramming2\x64\debug\gameprogramming2.tlog\link.command.1.tlog
d:\21cu0312_河合奏\バルーンファイト2最新版\gameprogramming2\x64\debug\gameprogramming2.tlog\link.delete.1.tlog
d:\21cu0312_河合奏\バルーンファイト2最新版\gameprogramming2\x64\debug\gameprogramming2.tlog\link.read.1.tlog
d:\21cu0312_河合奏\バルーンファイト2最新版\gameprogramming2\x64\debug\gameprogramming2.tlog\link.write.1.tlog
d:\21cu0312_河合奏\バルーンファイト2最新版\gameprogramming2\x64\debug\gameprogramming2.tlog\rc.command.1.tlog
d:\21cu0312_河合奏\バルーンファイト2最新版\gameprogramming2\x64\debug\gameprogramming2.tlog\rc.read.1.tlog
d:\21cu0312_河合奏\バルーンファイト2最新版\gameprogramming2\x64\debug\gameprogramming2.tlog\rc.write.1.tlog
